<?xml version="1.0" encoding="utf-8"?><testsuites name="pytest tests"><testsuite name="pytest" errors="0" failures="0" skipped="0" tests="59" time="19.277" timestamp="2026-04-24T17:10:34.424717+00:00" hostname="agent-env-a6595521-3b70-40ea-8f8f-387592c3f00b"><testcase classname="backend.tests.test_ai_and_admin.TestRegressionCore" name="test_root" time="0.161" /><testcase classname="backend.tests.test_ai_and_admin.TestRegressionCore" name="test_compliance_thresholds" time="0.062" /><testcase classname="backend.tests.test_ai_and_admin.TestRegressionCore" name="test_downtime_events" time="0.079" /><testcase classname="backend.tests.test_ai_and_admin.TestRegressionCore" name="test_alerts_feed" time="0.055" /><testcase classname="backend.tests.test_ai_and_admin.TestRegressionCore" name="test_blending_wells" time="0.058" /><testcase classname="backend.tests.test_ai_and_admin.TestAiEndpoints" name="test_ai_health_gpt51_openai" time="0.060" /><testcase classname="backend.tests.test_ai_and_admin.TestAiEndpoints" name="test_ai_chat_returns_reply_and_session" time="1.373" /><testcase classname="backend.tests.test_ai_and_admin.TestAiEndpoints" name="test_ai_anomalies_shape_empty" time="0.053" /><testcase classname="backend.tests.test_ai_and_admin.TestAiEndpoints" name="test_ai_anomalies_shape_small" time="2.747" /><testcase classname="backend.tests.test_ai_and_admin.TestAiEndpoints" name="test_ai_sessions_list_no_mongo_id" time="0.061" /><testcase classname="backend.tests.test_ai_and_admin.TestAdminAuthRequired" name="test_get_requires_bearer[/api/admin/users/00000000-0000-0000-0000-000000000000/dependencies]" time="0.058" /><testcase classname="backend.tests.test_ai_and_admin.TestAdminAuthRequired" name="test_get_requires_bearer[/api/admin/plants/TEST_plant_xyz/dependencies]" time="0.059" /><testcase classname="backend.tests.test_ai_and_admin.TestAdminAuthRequired" name="test_post_requires_bearer[/api/admin/users/00000000-0000-0000-0000-000000000000/soft-delete]" time="0.057" /><testcase classname="backend.tests.test_ai_and_admin.TestAdminAuthRequired" name="test_post_requires_bearer[/api/admin/plants/TEST_plant_xyz/soft-delete]" time="0.054" /><testcase classname="backend.tests.test_ai_and_admin.TestAdminAuthRequired" name="test_delete_requires_bearer[/api/admin/users/00000000-0000-0000-0000-000000000000]" time="0.052" /><testcase classname="backend.tests.test_ai_and_admin.TestAdminAuthRequired" name="test_delete_requires_bearer[/api/admin/plants/TEST_plant_xyz]" time="0.052" /><testcase classname="backend.tests.test_ai_and_admin.TestAdminAuthRequired" name="test_malformed_bearer_rejected[/api/admin/users/00000000-0000-0000-0000-000000000000/dependencies]" time="0.354" /><testcase classname="backend.tests.test_ai_and_admin.TestAdminAuthRequired" name="test_malformed_bearer_rejected[/api/admin/plants/TEST_plant_xyz/dependencies]" time="0.409" /><testcase classname="backend.tests.test_ai_and_admin.TestAdminAuthRequired" name="test_malformed_bearer_rejected[/api/admin/users/00000000-0000-0000-0000-000000000000/soft-delete]" time="0.314" /><testcase classname="backend.tests.test_ai_and_admin.TestAdminAuthRequired" name="test_malformed_bearer_rejected[/api/admin/plants/TEST_plant_xyz/soft-delete]" time="0.319" /><testcase classname="backend.tests.test_ai_and_admin.TestAdminAuthRequired" name="test_missing_bearer_scheme" time="0.059" /><testcase classname="backend.tests.test_ai_and_admin.TestAuditLogEndpoint" name="test_audit_log_requires_bearer" time="0.064" /><testcase classname="backend.tests.test_ai_and_admin.TestAuditLogEndpoint" name="test_audit_log_malformed_bearer_not_500" time="0.648" /><testcase classname="backend.tests.test_ai_and_admin.TestAuditLogEndpoint" name="test_audit_log_with_kind_filter_requires_bearer" time="0.051" /><testcase classname="backend.tests.test_ai_and_admin.TestAuditLogEndpoint" name="test_audit_log_no_auth_scheme" time="0.057" /><testcase classname="backend.tests.test_ai_and_admin.TestForceParamAuthGating" name="test_hard_delete_user_force_requires_bearer" time="0.060" /><testcase classname="backend.tests.test_ai_and_admin.TestForceParamAuthGating" name="test_hard_delete_user_force_with_reason_requires_bearer" time="0.052" /><testcase classname="backend.tests.test_ai_and_admin.TestForceParamAuthGating" name="test_hard_delete_plant_force_requires_bearer" time="0.068" /><testcase classname="backend.tests.test_ai_and_admin.TestForceParamAuthGating" name="test_hard_delete_user_force_malformed_bearer_not_500" time="0.320" /><testcase classname="backend.tests.test_ai_and_admin.TestForceParamAuthGating" name="test_hard_delete_plant_force_malformed_bearer_not_500" time="0.670" /><testcase classname="backend.tests.test_ai_and_admin.TestSoftDeleteJsonBody" name="test_user_soft_delete_with_reason_body_requires_bearer" time="0.055" /><testcase classname="backend.tests.test_ai_and_admin.TestSoftDeleteJsonBody" name="test_plant_soft_delete_with_reason_body_requires_bearer" time="0.051" /><testcase classname="backend.tests.test_ai_and_admin.TestSoftDeleteJsonBody" name="test_user_soft_delete_empty_body_ok" time="0.055" /><testcase classname="backend.tests.test_ai_and_admin.TestSoftDeleteJsonBody" name="test_plant_soft_delete_empty_body_ok" time="0.053" /><testcase classname="backend.tests.test_ai_and_admin.TestSoftDeleteJsonBody" name="test_user_soft_delete_malformed_bearer_with_body_not_500" time="0.340" /><testcase classname="backend.tests.test_ai_and_admin.TestCronComplianceEvaluate" name="test_cron_compliance_evaluate_returns_200" time="0.344" /><testcase classname="backend.tests.test_pwri_backend.TestRegressionProbes" name="test_ai_health" time="0.173" /><testcase classname="backend.tests.test_pwri_backend.TestRegressionProbes" name="test_compliance_thresholds_default" time="0.048" /><testcase classname="backend.tests.test_pwri_backend.TestRegressionProbes" name="test_parse_wellmeter_with_real_xlsx" time="0.228" /><testcase classname="backend.tests.test_pwri_backend.TestAiChatTools" name="test_chat_tools_small_talk_no_plan" time="3.472" /><testcase classname="backend.tests.test_pwri_backend.TestAiChatTools" name="test_chat_tools_data_question" time="3.567" /><testcase classname="backend.tests.test_pwri_backend.TestSeedFromUrl" name="test_seed_no_auth_downtime_only" time="0.264" /><testcase classname="backend.tests.test_pwri_backend.TestSeedFromUrl" name="test_seed_bad_empty_targets" time="0.049" /><testcase classname="backend.tests.test_pwri_backend.TestSeedFromUrl" name="test_seed_meter_only_file_no_auth_is_graceful" time="0.115" /><testcase classname="backend.tests.test_pwri_backend.TestDowntimeEventsFeed" name="test_events_default" time="0.382" /><testcase classname="backend.tests.test_pwri_backend.TestDowntimeEventsFeed" name="test_events_has_data_after_seed" time="0.055" /><testcase classname="backend.tests.test_pwri_backend.TestDowntimeEventsFeed" name="test_events_filter_by_plant" time="0.071" /><testcase classname="backend.tests.test_pwri_backend.TestCronEndpoints" name="test_cron_compliance_evaluate_dev_mode" time="0.322" /><testcase classname="backend.tests.test_pwri_backend.TestCronEndpoints" name="test_cron_pm_forecast_sweep_dev_mode" time="0.346" /><testcase classname="backend.tests.test_pwri_backend.TestBlendingWells" name="test_toggle_on_upserts_well" time="0.106" /><testcase classname="backend.tests.test_pwri_backend.TestBlendingWells" name="test_toggle_idempotent_upsert" time="0.099" /><testcase classname="backend.tests.test_pwri_backend.TestBlendingWells" name="test_blending_audit_logs_event" time="0.049" /><testcase classname="backend.tests.test_pwri_backend.TestBlendingWells" name="test_toggle_off_deletes_well" time="0.097" /><testcase classname="backend.tests.test_pwri_backend.TestBlendingWells" name="test_wells_list_no_plant_filter" time="0.045" /><testcase classname="backend.tests.test_pwri_backend.TestAlertsFeed" name="test_alerts_feed_shape" time="0.052" /><testcase classname="backend.tests.test_pwri_backend.TestAlertsFeed" name="test_alerts_feed_with_plant_filter" time="0.051" /><testcase classname="backend.tests.test_pwri_backend.TestAlertsFeed" name="test_alerts_feed_contains_blending_after_audit" time="0.106" /><testcase classname="backend.tests.test_pwri_backend.TestAlertsFeed" name="test_alerts_feed_sort_order" time="0.047" /><testcase classname="backend.tests.test_pwri_backend.TestDowntimeRegressionAfterBatch1" name="test_downtime_events_still_returns" time="0.052" /></testsuite></testsuites>