<?xml version="1.0" encoding="utf-8"?><testsuites name="pytest tests"><testsuite name="pytest" errors="0" failures="0" skipped="0" tests="21" time="6.979" timestamp="2026-04-24T14:23:41.475410+00:00" hostname="agent-env-a6595521-3b70-40ea-8f8f-387592c3f00b"><testcase classname="backend.tests.test_ai_and_admin.TestRegressionCore" name="test_root" time="0.220" /><testcase classname="backend.tests.test_ai_and_admin.TestRegressionCore" name="test_compliance_thresholds" time="0.051" /><testcase classname="backend.tests.test_ai_and_admin.TestRegressionCore" name="test_downtime_events" time="0.047" /><testcase classname="backend.tests.test_ai_and_admin.TestRegressionCore" name="test_alerts_feed" time="0.047" /><testcase classname="backend.tests.test_ai_and_admin.TestRegressionCore" name="test_blending_wells" time="0.050" /><testcase classname="backend.tests.test_ai_and_admin.TestAiEndpoints" name="test_ai_health_gpt51_openai" time="0.050" /><testcase classname="backend.tests.test_ai_and_admin.TestAiEndpoints" name="test_ai_chat_returns_reply_and_session" time="2.117" /><testcase classname="backend.tests.test_ai_and_admin.TestAiEndpoints" name="test_ai_anomalies_shape_empty" time="0.047" /><testcase classname="backend.tests.test_ai_and_admin.TestAiEndpoints" name="test_ai_anomalies_shape_small" time="2.054" /><testcase classname="backend.tests.test_ai_and_admin.TestAiEndpoints" name="test_ai_sessions_list_no_mongo_id" time="0.048" /><testcase classname="backend.tests.test_ai_and_admin.TestAdminAuthRequired" name="test_get_requires_bearer[/api/admin/users/00000000-0000-0000-0000-000000000000/dependencies]" time="0.068" /><testcase classname="backend.tests.test_ai_and_admin.TestAdminAuthRequired" name="test_get_requires_bearer[/api/admin/plants/TEST_plant_xyz/dependencies]" time="0.045" /><testcase classname="backend.tests.test_ai_and_admin.TestAdminAuthRequired" name="test_post_requires_bearer[/api/admin/users/00000000-0000-0000-0000-000000000000/soft-delete]" time="0.094" /><testcase classname="backend.tests.test_ai_and_admin.TestAdminAuthRequired" name="test_post_requires_bearer[/api/admin/plants/TEST_plant_xyz/soft-delete]" time="0.057" /><testcase classname="backend.tests.test_ai_and_admin.TestAdminAuthRequired" name="test_delete_requires_bearer[/api/admin/users/00000000-0000-0000-0000-000000000000]" time="0.055" /><testcase classname="backend.tests.test_ai_and_admin.TestAdminAuthRequired" name="test_delete_requires_bearer[/api/admin/plants/TEST_plant_xyz]" time="0.046" /><testcase classname="backend.tests.test_ai_and_admin.TestAdminAuthRequired" name="test_malformed_bearer_rejected[/api/admin/users/00000000-0000-0000-0000-000000000000/dependencies]" time="0.802" /><testcase classname="backend.tests.test_ai_and_admin.TestAdminAuthRequired" name="test_malformed_bearer_rejected[/api/admin/plants/TEST_plant_xyz/dependencies]" time="0.304" /><testcase classname="backend.tests.test_ai_and_admin.TestAdminAuthRequired" name="test_malformed_bearer_rejected[/api/admin/users/00000000-0000-0000-0000-000000000000/soft-delete]" time="0.301" /><testcase classname="backend.tests.test_ai_and_admin.TestAdminAuthRequired" name="test_malformed_bearer_rejected[/api/admin/plants/TEST_plant_xyz/soft-delete]" time="0.334" /><testcase classname="backend.tests.test_ai_and_admin.TestAdminAuthRequired" name="test_missing_bearer_scheme" time="0.048" /></testsuite></testsuites>