<?xml version="1.0" encoding="utf-8"?><testsuites name="pytest tests"><testsuite name="pytest" errors="0" failures="0" skipped="0" tests="36" time="9.126" timestamp="2026-04-24T17:10:19.930449+00:00" hostname="agent-env-a6595521-3b70-40ea-8f8f-387592c3f00b"><testcase classname="backend.tests.test_ai_and_admin.TestRegressionCore" name="test_root" time="0.264" /><testcase classname="backend.tests.test_ai_and_admin.TestRegressionCore" name="test_compliance_thresholds" time="0.065" /><testcase classname="backend.tests.test_ai_and_admin.TestRegressionCore" name="test_downtime_events" time="0.109" /><testcase classname="backend.tests.test_ai_and_admin.TestRegressionCore" name="test_alerts_feed" time="0.067" /><testcase classname="backend.tests.test_ai_and_admin.TestRegressionCore" name="test_blending_wells" time="0.059" /><testcase classname="backend.tests.test_ai_and_admin.TestAiEndpoints" name="test_ai_health_gpt51_openai" time="0.066" /><testcase classname="backend.tests.test_ai_and_admin.TestAiEndpoints" name="test_ai_chat_returns_reply_and_session" time="1.514" /><testcase classname="backend.tests.test_ai_and_admin.TestAiEndpoints" name="test_ai_anomalies_shape_empty" time="0.061" /><testcase classname="backend.tests.test_ai_and_admin.TestAiEndpoints" name="test_ai_anomalies_shape_small" time="2.095" /><testcase classname="backend.tests.test_ai_and_admin.TestAiEndpoints" name="test_ai_sessions_list_no_mongo_id" time="0.057" /><testcase classname="backend.tests.test_ai_and_admin.TestAdminAuthRequired" name="test_get_requires_bearer[/api/admin/users/00000000-0000-0000-0000-000000000000/dependencies]" time="0.056" /><testcase classname="backend.tests.test_ai_and_admin.TestAdminAuthRequired" name="test_get_requires_bearer[/api/admin/plants/TEST_plant_xyz/dependencies]" time="0.058" /><testcase classname="backend.tests.test_ai_and_admin.TestAdminAuthRequired" name="test_post_requires_bearer[/api/admin/users/00000000-0000-0000-0000-000000000000/soft-delete]" time="0.051" /><testcase classname="backend.tests.test_ai_and_admin.TestAdminAuthRequired" name="test_post_requires_bearer[/api/admin/plants/TEST_plant_xyz/soft-delete]" time="0.052" /><testcase classname="backend.tests.test_ai_and_admin.TestAdminAuthRequired" name="test_delete_requires_bearer[/api/admin/users/00000000-0000-0000-0000-000000000000]" time="0.056" /><testcase classname="backend.tests.test_ai_and_admin.TestAdminAuthRequired" name="test_delete_requires_bearer[/api/admin/plants/TEST_plant_xyz]" time="0.052" /><testcase classname="backend.tests.test_ai_and_admin.TestAdminAuthRequired" name="test_malformed_bearer_rejected[/api/admin/users/00000000-0000-0000-0000-000000000000/dependencies]" time="0.475" /><testcase classname="backend.tests.test_ai_and_admin.TestAdminAuthRequired" name="test_malformed_bearer_rejected[/api/admin/plants/TEST_plant_xyz/dependencies]" time="0.682" /><testcase classname="backend.tests.test_ai_and_admin.TestAdminAuthRequired" name="test_malformed_bearer_rejected[/api/admin/users/00000000-0000-0000-0000-000000000000/soft-delete]" time="0.321" /><testcase classname="backend.tests.test_ai_and_admin.TestAdminAuthRequired" name="test_malformed_bearer_rejected[/api/admin/plants/TEST_plant_xyz/soft-delete]" time="0.328" /><testcase classname="backend.tests.test_ai_and_admin.TestAdminAuthRequired" name="test_missing_bearer_scheme" time="0.053" /><testcase classname="backend.tests.test_ai_and_admin.TestAuditLogEndpoint" name="test_audit_log_requires_bearer" time="0.056" /><testcase classname="backend.tests.test_ai_and_admin.TestAuditLogEndpoint" name="test_audit_log_malformed_bearer_not_500" time="0.318" /><testcase classname="backend.tests.test_ai_and_admin.TestAuditLogEndpoint" name="test_audit_log_with_kind_filter_requires_bearer" time="0.056" /><testcase classname="backend.tests.test_ai_and_admin.TestAuditLogEndpoint" name="test_audit_log_no_auth_scheme" time="0.051" /><testcase classname="backend.tests.test_ai_and_admin.TestForceParamAuthGating" name="test_hard_delete_user_force_requires_bearer" time="0.053" /><testcase classname="backend.tests.test_ai_and_admin.TestForceParamAuthGating" name="test_hard_delete_user_force_with_reason_requires_bearer" time="0.050" /><testcase classname="backend.tests.test_ai_and_admin.TestForceParamAuthGating" name="test_hard_delete_plant_force_requires_bearer" time="0.052" /><testcase classname="backend.tests.test_ai_and_admin.TestForceParamAuthGating" name="test_hard_delete_user_force_malformed_bearer_not_500" time="0.339" /><testcase classname="backend.tests.test_ai_and_admin.TestForceParamAuthGating" name="test_hard_delete_plant_force_malformed_bearer_not_500" time="0.313" /><testcase classname="backend.tests.test_ai_and_admin.TestSoftDeleteJsonBody" name="test_user_soft_delete_with_reason_body_requires_bearer" time="0.057" /><testcase classname="backend.tests.test_ai_and_admin.TestSoftDeleteJsonBody" name="test_plant_soft_delete_with_reason_body_requires_bearer" time="0.050" /><testcase classname="backend.tests.test_ai_and_admin.TestSoftDeleteJsonBody" name="test_user_soft_delete_empty_body_ok" time="0.071" /><testcase classname="backend.tests.test_ai_and_admin.TestSoftDeleteJsonBody" name="test_plant_soft_delete_empty_body_ok" time="0.056" /><testcase classname="backend.tests.test_ai_and_admin.TestSoftDeleteJsonBody" name="test_user_soft_delete_malformed_bearer_with_body_not_500" time="0.609" /><testcase classname="backend.tests.test_ai_and_admin.TestCronComplianceEvaluate" name="test_cron_compliance_evaluate_returns_200" time="0.330" /></testsuite></testsuites>