<?xml version="1.0" encoding="utf-8"?><testsuites name="pytest tests"><testsuite name="pytest" errors="0" failures="0" skipped="0" tests="23" time="13.575" timestamp="2026-04-24T06:02:00.328092+00:00" hostname="agent-env-3b793327-cdaa-4b68-82be-bffbb7af5e04"><testcase classname="backend.tests.test_pwri_backend.TestRegressionProbes" name="test_ai_health" time="0.236" /><testcase classname="backend.tests.test_pwri_backend.TestRegressionProbes" name="test_compliance_thresholds_default" time="0.058" /><testcase classname="backend.tests.test_pwri_backend.TestRegressionProbes" name="test_parse_wellmeter_with_real_xlsx" time="0.234" /><testcase classname="backend.tests.test_pwri_backend.TestAiChatTools" name="test_chat_tools_small_talk_no_plan" time="4.986" /><testcase classname="backend.tests.test_pwri_backend.TestAiChatTools" name="test_chat_tools_data_question" time="4.675" /><testcase classname="backend.tests.test_pwri_backend.TestSeedFromUrl" name="test_seed_no_auth_downtime_only" time="0.262" /><testcase classname="backend.tests.test_pwri_backend.TestSeedFromUrl" name="test_seed_bad_empty_targets" time="0.046" /><testcase classname="backend.tests.test_pwri_backend.TestSeedFromUrl" name="test_seed_meter_only_file_no_auth_is_graceful" time="0.113" /><testcase classname="backend.tests.test_pwri_backend.TestDowntimeEventsFeed" name="test_events_default" time="0.349" /><testcase classname="backend.tests.test_pwri_backend.TestDowntimeEventsFeed" name="test_events_has_data_after_seed" time="0.051" /><testcase classname="backend.tests.test_pwri_backend.TestDowntimeEventsFeed" name="test_events_filter_by_plant" time="0.061" /><testcase classname="backend.tests.test_pwri_backend.TestCronEndpoints" name="test_cron_compliance_evaluate_dev_mode" time="0.669" /><testcase classname="backend.tests.test_pwri_backend.TestCronEndpoints" name="test_cron_pm_forecast_sweep_dev_mode" time="0.679" /><testcase classname="backend.tests.test_pwri_backend.TestBlendingWells" name="test_toggle_on_upserts_well" time="0.448" /><testcase classname="backend.tests.test_pwri_backend.TestBlendingWells" name="test_toggle_idempotent_upsert" time="0.097" /><testcase classname="backend.tests.test_pwri_backend.TestBlendingWells" name="test_blending_audit_logs_event" time="0.057" /><testcase classname="backend.tests.test_pwri_backend.TestBlendingWells" name="test_toggle_off_deletes_well" time="0.096" /><testcase classname="backend.tests.test_pwri_backend.TestBlendingWells" name="test_wells_list_no_plant_filter" time="0.046" /><testcase classname="backend.tests.test_pwri_backend.TestAlertsFeed" name="test_alerts_feed_shape" time="0.052" /><testcase classname="backend.tests.test_pwri_backend.TestAlertsFeed" name="test_alerts_feed_with_plant_filter" time="0.049" /><testcase classname="backend.tests.test_pwri_backend.TestAlertsFeed" name="test_alerts_feed_contains_blending_after_audit" time="0.098" /><testcase classname="backend.tests.test_pwri_backend.TestAlertsFeed" name="test_alerts_feed_sort_order" time="0.047" /><testcase classname="backend.tests.test_pwri_backend.TestDowntimeRegressionAfterBatch1" name="test_downtime_events_still_returns" time="0.053" /></testsuite></testsuites>