<?xml version="1.0" encoding="utf-8"?><testsuites name="pytest tests"><testsuite name="pytest" errors="0" failures="0" skipped="0" tests="13" time="13.229" timestamp="2026-04-24T05:20:48.973651+00:00" hostname="agent-env-3b793327-cdaa-4b68-82be-bffbb7af5e04"><testcase classname="backend.tests.test_pwri_backend.TestRegressionProbes" name="test_ai_health" time="0.108" /><testcase classname="backend.tests.test_pwri_backend.TestRegressionProbes" name="test_compliance_thresholds_default" time="0.055" /><testcase classname="backend.tests.test_pwri_backend.TestRegressionProbes" name="test_parse_wellmeter_with_real_xlsx" time="0.197" /><testcase classname="backend.tests.test_pwri_backend.TestAiChatTools" name="test_chat_tools_small_talk_no_plan" time="5.201" /><testcase classname="backend.tests.test_pwri_backend.TestAiChatTools" name="test_chat_tools_data_question" time="4.840" /><testcase classname="backend.tests.test_pwri_backend.TestSeedFromUrl" name="test_seed_no_auth_downtime_only" time="0.319" /><testcase classname="backend.tests.test_pwri_backend.TestSeedFromUrl" name="test_seed_bad_empty_targets" time="0.111" /><testcase classname="backend.tests.test_pwri_backend.TestSeedFromUrl" name="test_seed_meter_only_file_no_auth_is_graceful" time="0.117" /><testcase classname="backend.tests.test_pwri_backend.TestDowntimeEventsFeed" name="test_events_default" time="0.372" /><testcase classname="backend.tests.test_pwri_backend.TestDowntimeEventsFeed" name="test_events_has_data_after_seed" time="0.053" /><testcase classname="backend.tests.test_pwri_backend.TestDowntimeEventsFeed" name="test_events_filter_by_plant" time="0.081" /><testcase classname="backend.tests.test_pwri_backend.TestCronEndpoints" name="test_cron_compliance_evaluate_dev_mode" time="1.022" /><testcase classname="backend.tests.test_pwri_backend.TestCronEndpoints" name="test_cron_pm_forecast_sweep_dev_mode" time="0.680" /></testsuite></testsuites>